TN:
SF:src\modules\appointments\services\CreateAppointmentService.ts
FN:83,__decorate
FN:83,__metadata
FN:83,__param
FN:83,__awaiter
FN:83,adopt
FN:83,fulfilled
FN:83,rejected
FN:83,step
FN:83,__generator
FN:83,sent
FN:83,g.<computed>
FN:83,verb
FN:83,step
FN:83,__importDefault
FN:19,CreatAppointmentService
FN:30,CreatAppointmentService.execute
FNF:16
FNH:14
FNDA:1,__decorate
FNDA:1,__metadata
FNDA:3,__param
FNDA:7,__awaiter
FNDA:8,adopt
FNDA:8,fulfilled
FNDA:0,rejected
FNDA:10,step
FNDA:7,__generator
FNDA:8,sent
FNDA:0,g.<computed>
FNDA:21,verb
FNDA:15,step
FNDA:1,__importDefault
FNDA:5,CreatAppointmentService
FNDA:7,CreatAppointmentService.execute
DA:1,1
DA:2,1
DA:3,1
DA:4,1
DA:5,1
DA:6,1
DA:7,1
DA:8,1
DA:9,1
DA:10,1
DA:11,1
DA:12,1
DA:13,1
DA:14,1
DA:15,1
DA:16,1
DA:17,1
DA:18,1
DA:19,1
DA:20,5
DA:21,5
DA:22,5
DA:23,5
DA:24,5
DA:25,5
DA:26,5
DA:27,5
DA:28,5
DA:29,1
DA:30,1
DA:31,7
DA:32,7
DA:33,7
DA:34,7
DA:35,7
DA:36,7
DA:37,7
DA:38,3
DA:39,3
DA:40,4
DA:41,7
DA:42,1
DA:43,1
DA:44,3
DA:45,7
DA:46,1
DA:47,1
DA:48,1
DA:49,1
DA:50,2
DA:51,2
DA:52,2
DA:53,2
DA:54,7
DA:55,7
DA:56,0
DA:57,0
DA:58,7
DA:59,7
DA:60,7
DA:61,7
DA:62,7
DA:63,7
DA:64,7
DA:65,7
DA:66,7
DA:67,7
DA:68,7
DA:69,7
DA:70,7
DA:71,7
DA:72,7
DA:73,7
DA:74,7
DA:75,7
DA:76,7
DA:77,7
DA:78,7
DA:79,7
DA:80,7
DA:81,1
DA:82,1
DA:83,1
LF:83
LH:81
BRDA:83,0,0,1
BRDA:83,1,0,1
BRDA:83,2,0,0
BRDA:83,3,0,0
BRDA:83,4,0,0
BRDA:83,5,0,0
BRDA:83,6,0,1
BRDA:83,7,0,3
BRDA:83,8,0,3
BRDA:83,9,0,7
BRDA:83,10,0,8
BRDA:83,11,0,0
BRDA:83,12,0,7
BRDA:83,13,0,8
BRDA:83,14,0,0
BRDA:83,15,0,10
BRDA:83,16,0,2
BRDA:83,17,0,8
BRDA:83,18,0,7
BRDA:83,19,0,8
BRDA:83,20,0,0
BRDA:83,21,0,21
BRDA:83,22,0,15
BRDA:83,23,0,15
BRDA:83,24,0,0
BRDA:83,25,0,30
BRDA:83,26,0,0
BRDA:83,27,0,0
BRDA:83,28,0,0
BRDA:83,29,0,0
BRDA:83,30,0,15
BRDA:83,31,0,15
BRDA:83,32,0,8
BRDA:83,33,0,0
BRDA:83,34,0,0
BRDA:83,35,0,7
BRDA:83,36,0,0
BRDA:83,37,0,2
BRDA:83,38,0,0
BRDA:83,39,0,0
BRDA:83,40,0,0
BRDA:83,41,0,0
BRDA:83,42,0,15
BRDA:83,43,0,10
BRDA:83,44,0,5
BRDA:83,45,0,15
BRDA:83,46,0,7
BRDA:83,47,0,5
BRDA:83,48,0,2
BRDA:83,49,0,0
BRDA:83,50,0,1
BRDA:83,51,0,0
BRDA:18,52,0,1
BRDA:19,53,0,5
BRDA:30,54,0,7
BRDA:83,55,0,7
BRDA:83,56,0,15
BRDA:83,57,0,7
BRDA:37,58,0,3
BRDA:39,59,0,4
BRDA:41,60,0,1
BRDA:43,61,0,3
BRDA:45,62,0,2
BRDA:45,63,0,1
BRDA:49,64,0,2
BRDA:83,65,0,2
BRDA:55,66,0,0
BRDA:83,67,0,2
BRDA:83,68,0,2
BRDA:83,69,0,2
BRF:70
BRH:48
end_of_record
TN:
SF:src\modules\appointments\services\ListProviderAppointmentsService.ts
FN:53,__decorate
FN:53,__metadata
FN:53,__param
FN:53,__awaiter
FN:53,adopt
FN:53,fulfilled
FN:53,rejected
FN:53,step
FN:53,__generator
FN:53,sent
FN:53,g.<computed>
FN:53,verb
FN:53,step
FN:17,ListProviderAppointmentsService
FN:25,ListProviderAppointmentsService.execute
FNF:15
FNH:13
FNDA:1,__decorate
FNDA:1,__metadata
FNDA:2,__param
FNDA:1,__awaiter
FNDA:3,adopt
FNDA:3,fulfilled
FNDA:0,rejected
FNDA:4,step
FNDA:1,__generator
FNDA:3,sent
FNDA:0,g.<computed>
FNDA:3,verb
FNDA:4,step
FNDA:1,ListProviderAppointmentsService
FNDA:1,ListProviderAppointmentsService.execute
DA:1,1
DA:2,1
DA:3,1
DA:4,1
DA:5,1
DA:6,1
DA:7,1
DA:8,1
DA:9,1
DA:10,1
DA:11,1
DA:12,1
DA:13,1
DA:14,1
DA:15,1
DA:16,1
DA:17,1
DA:18,1
DA:19,1
DA:20,1
DA:21,1
DA:22,1
DA:23,1
DA:24,1
DA:25,1
DA:26,1
DA:27,1
DA:28,1
DA:29,1
DA:30,1
DA:31,1
DA:32,1
DA:33,1
DA:34,1
DA:35,1
DA:36,1
DA:37,1
DA:38,1
DA:39,1
DA:40,1
DA:41,1
DA:42,1
DA:43,1
DA:44,1
DA:45,1
DA:46,1
DA:47,1
DA:48,1
DA:49,1
DA:50,1
DA:51,1
DA:52,1
DA:53,1
LF:53
LH:53
BRDA:53,0,0,1
BRDA:53,1,0,1
BRDA:53,2,0,0
BRDA:53,3,0,0
BRDA:53,4,0,0
BRDA:53,5,0,0
BRDA:53,6,0,1
BRDA:53,7,0,2
BRDA:53,8,0,2
BRDA:53,9,0,1
BRDA:53,10,0,3
BRDA:53,11,0,0
BRDA:53,12,0,1
BRDA:53,13,0,3
BRDA:53,14,0,0
BRDA:53,15,0,4
BRDA:53,16,0,1
BRDA:53,17,0,3
BRDA:53,18,0,1
BRDA:53,19,0,3
BRDA:53,20,0,0
BRDA:53,21,0,3
BRDA:53,22,0,4
BRDA:53,23,0,4
BRDA:53,24,0,0
BRDA:53,25,0,8
BRDA:53,26,0,0
BRDA:53,27,0,0
BRDA:53,28,0,0
BRDA:53,29,0,0
BRDA:53,30,0,4
BRDA:53,31,0,4
BRDA:53,32,0,3
BRDA:53,33,0,0
BRDA:53,34,0,0
BRDA:53,35,0,1
BRDA:53,36,0,0
BRDA:53,37,0,0
BRDA:53,38,0,0
BRDA:53,39,0,0
BRDA:53,40,0,0
BRDA:53,41,0,4
BRDA:53,42,0,0
BRDA:53,43,0,4
BRDA:53,44,0,1
BRDA:53,45,0,0
BRDA:53,46,0,1
BRDA:53,47,0,0
BRDA:16,48,0,1
BRDA:17,49,0,1
BRDA:25,50,0,1
BRDA:53,51,0,1
BRDA:53,52,0,4
BRDA:53,53,0,1
BRDA:53,54,0,1
BRDA:37,55,0,0
BRDA:53,56,0,1
BRDA:53,57,0,1
BRDA:49,58,0,1
BRF:59
BRH:36
end_of_record
TN:
SF:src\modules\appointments\services\ListProviderDayAvailabilityService.ts
FN:66,__decorate
FN:66,__metadata
FN:66,__param
FN:66,__awaiter
FN:66,adopt
FN:66,fulfilled
FN:66,rejected
FN:66,step
FN:66,__generator
FN:66,sent
FN:66,g.<computed>
FN:66,verb
FN:66,step
FN:20,ListProviderDayAvailabilityService
FN:25,ListProviderDayAvailabilityService.execute
FNF:15
FNH:13
FNDA:1,__decorate
FNDA:1,__metadata
FNDA:1,__param
FNDA:1,__awaiter
FNDA:1,adopt
FNDA:1,fulfilled
FNDA:0,rejected
FNDA:2,step
FNDA:1,__generator
FNDA:1,sent
FNDA:0,g.<computed>
FNDA:3,verb
FNDA:2,step
FNDA:1,ListProviderDayAvailabilityService
FNDA:1,ListProviderDayAvailabilityService.execute
DA:1,1
DA:2,1
DA:3,1
DA:4,1
DA:5,1
DA:6,1
DA:7,1
DA:8,1
DA:9,1
DA:10,1
DA:11,1
DA:12,1
DA:13,1
DA:14,1
DA:15,1
DA:16,1
DA:17,1
DA:18,1
DA:19,1
DA:20,1
DA:21,1
DA:22,1
DA:23,1
DA:24,1
DA:25,1
DA:26,1
DA:27,1
DA:28,1
DA:29,1
DA:30,1
DA:31,1
DA:32,1
DA:33,1
DA:34,1
DA:35,1
DA:36,1
DA:37,1
DA:38,1
DA:39,1
DA:40,1
DA:41,1
DA:42,1
DA:43,1
DA:44,1
DA:45,1
DA:46,1
DA:47,1
DA:48,1
DA:49,1
DA:50,10
DA:51,10
DA:52,10
DA:53,10
DA:54,10
DA:55,10
DA:56,10
DA:57,10
DA:58,10
DA:59,10
DA:60,1
DA:61,1
DA:62,1
DA:63,1
DA:64,1
DA:65,1
DA:66,1
LF:66
LH:66
BRDA:66,0,0,1
BRDA:66,1,0,1
BRDA:66,2,0,0
BRDA:66,3,0,0
BRDA:66,4,0,0
BRDA:66,5,0,0
BRDA:66,6,0,1
BRDA:66,7,0,1
BRDA:66,8,0,1
BRDA:66,9,0,1
BRDA:66,10,0,1
BRDA:66,11,0,0
BRDA:66,12,0,1
BRDA:66,13,0,1
BRDA:66,14,0,0
BRDA:66,15,0,2
BRDA:66,16,0,1
BRDA:66,17,0,1
BRDA:66,18,0,1
BRDA:66,19,0,1
BRDA:66,20,0,0
BRDA:66,21,0,3
BRDA:66,22,0,2
BRDA:66,23,0,2
BRDA:66,24,0,0
BRDA:66,25,0,4
BRDA:66,26,0,0
BRDA:66,27,0,0
BRDA:66,28,0,0
BRDA:66,29,0,0
BRDA:66,30,0,2
BRDA:66,31,0,2
BRDA:66,32,0,1
BRDA:66,33,0,0
BRDA:66,34,0,0
BRDA:66,35,0,1
BRDA:66,36,0,0
BRDA:66,37,0,0
BRDA:66,38,0,0
BRDA:66,39,0,0
BRDA:66,40,0,0
BRDA:66,41,0,2
BRDA:66,42,0,0
BRDA:66,43,0,2
BRDA:66,44,0,1
BRDA:66,45,0,0
BRDA:66,46,0,1
BRDA:66,47,0,0
BRDA:19,48,0,1
BRDA:20,49,0,1
BRDA:25,50,0,1
BRDA:66,51,0,1
BRDA:66,52,0,2
BRDA:31,53,0,1
BRDA:66,54,0,1
BRDA:44,55,0,10
BRDA:49,56,0,10
BRDA:58,57,0,8
BRDA:51,58,0,19
BRF:59
BRH:37
end_of_record
TN:
SF:src\modules\appointments\services\ListProviderMonthAvailabilityService.ts
FN:59,__decorate
FN:59,__metadata
FN:59,__param
FN:59,__awaiter
FN:59,adopt
FN:59,fulfilled
FN:59,rejected
FN:59,step
FN:59,__generator
FN:59,sent
FN:59,g.<computed>
FN:59,verb
FN:59,step
FN:19,ListProviderMonthAvailabilityService
FN:24,ListProviderMonthAvailabilityService.execute
FNF:15
FNH:13
FNDA:1,__decorate
FNDA:1,__metadata
FNDA:1,__param
FNDA:1,__awaiter
FNDA:1,adopt
FNDA:1,fulfilled
FNDA:0,rejected
FNDA:2,step
FNDA:1,__generator
FNDA:1,sent
FNDA:0,g.<computed>
FNDA:3,verb
FNDA:2,step
FNDA:1,ListProviderMonthAvailabilityService
FNDA:1,ListProviderMonthAvailabilityService.execute
DA:1,1
DA:2,1
DA:3,1
DA:4,1
DA:5,1
DA:6,1
DA:7,1
DA:8,1
DA:9,1
DA:10,1
DA:11,1
DA:12,1
DA:13,1
DA:14,1
DA:15,1
DA:16,1
DA:17,1
DA:18,1
DA:19,1
DA:20,1
DA:21,1
DA:22,1
DA:23,1
DA:24,1
DA:25,1
DA:26,1
DA:27,1
DA:28,1
DA:29,1
DA:30,1
DA:31,1
DA:32,1
DA:33,1
DA:34,1
DA:35,1
DA:36,1
DA:37,1
DA:38,1
DA:39,1
DA:40,1
DA:41,1
DA:42,1
DA:43,1
DA:44,1
DA:45,31
DA:46,310
DA:47,31
DA:48,31
DA:49,31
DA:50,31
DA:51,31
DA:52,31
DA:53,1
DA:54,1
DA:55,1
DA:56,1
DA:57,1
DA:58,1
DA:59,1
LF:59
LH:59
BRDA:59,0,0,1
BRDA:59,1,0,1
BRDA:59,2,0,0
BRDA:59,3,0,0
BRDA:59,4,0,0
BRDA:59,5,0,0
BRDA:59,6,0,1
BRDA:59,7,0,1
BRDA:59,8,0,1
BRDA:59,9,0,1
BRDA:59,10,0,1
BRDA:59,11,0,0
BRDA:59,12,0,1
BRDA:59,13,0,1
BRDA:59,14,0,0
BRDA:59,15,0,2
BRDA:59,16,0,1
BRDA:59,17,0,1
BRDA:59,18,0,1
BRDA:59,19,0,1
BRDA:59,20,0,0
BRDA:59,21,0,3
BRDA:59,22,0,2
BRDA:59,23,0,2
BRDA:59,24,0,0
BRDA:59,25,0,4
BRDA:59,26,0,0
BRDA:59,27,0,0
BRDA:59,28,0,0
BRDA:59,29,0,0
BRDA:59,30,0,2
BRDA:59,31,0,2
BRDA:59,32,0,1
BRDA:59,33,0,0
BRDA:59,34,0,0
BRDA:59,35,0,1
BRDA:59,36,0,0
BRDA:59,37,0,0
BRDA:59,38,0,0
BRDA:59,39,0,0
BRDA:59,40,0,0
BRDA:59,41,0,2
BRDA:59,42,0,0
BRDA:59,43,0,2
BRDA:59,44,0,1
BRDA:59,45,0,0
BRDA:59,46,0,1
BRDA:59,47,0,0
BRDA:18,48,0,1
BRDA:19,49,0,1
BRDA:24,50,0,1
BRDA:59,51,0,1
BRDA:59,52,0,2
BRDA:29,53,0,1
BRDA:59,54,0,1
BRDA:41,55,0,31
BRDA:44,56,0,31
BRDA:45,57,0,310
BRF:58
BRH:36
end_of_record
TN:
SF:src\modules\appointments\services\ListProvidersService.ts
FN:39,__decorate
FN:39,__metadata
FN:39,__param
FN:39,__awaiter
FN:39,adopt
FN:39,fulfilled
FN:39,rejected
FN:39,step
FN:39,__generator
FN:39,sent
FN:39,g.<computed>
FN:39,verb
FN:39,step
FN:14,ListProvidersService
FN:22,ListProvidersService.execute
FNF:15
FNH:13
FNDA:1,__decorate
FNDA:1,__metadata
FNDA:2,__param
FNDA:1,__awaiter
FNDA:3,adopt
FNDA:3,fulfilled
FNDA:0,rejected
FNDA:4,step
FNDA:1,__generator
FNDA:3,sent
FNDA:0,g.<computed>
FNDA:3,verb
FNDA:4,step
FNDA:1,ListProvidersService
FNDA:1,ListProvidersService.execute
DA:1,1
DA:2,1
DA:3,1
DA:4,1
DA:5,1
DA:6,1
DA:7,1
DA:8,1
DA:9,1
DA:10,1
DA:11,1
DA:12,1
DA:13,1
DA:14,1
DA:15,1
DA:16,1
DA:17,1
DA:18,1
DA:19,1
DA:20,1
DA:21,1
DA:22,1
DA:23,1
DA:24,1
DA:25,1
DA:26,1
DA:27,1
DA:28,1
DA:29,1
DA:30,1
DA:31,1
DA:32,1
DA:33,1
DA:34,1
DA:35,1
DA:36,1
DA:37,1
DA:38,1
DA:39,1
LF:39
LH:39
BRDA:39,0,0,1
BRDA:39,1,0,1
BRDA:39,2,0,0
BRDA:39,3,0,0
BRDA:39,4,0,0
BRDA:39,5,0,0
BRDA:39,6,0,1
BRDA:39,7,0,2
BRDA:39,8,0,2
BRDA:39,9,0,1
BRDA:39,10,0,3
BRDA:39,11,0,0
BRDA:39,12,0,1
BRDA:39,13,0,3
BRDA:39,14,0,0
BRDA:39,15,0,4
BRDA:39,16,0,1
BRDA:39,17,0,3
BRDA:39,18,0,1
BRDA:39,19,0,3
BRDA:39,20,0,0
BRDA:39,21,0,3
BRDA:39,22,0,4
BRDA:39,23,0,4
BRDA:39,24,0,0
BRDA:39,25,0,8
BRDA:39,26,0,0
BRDA:39,27,0,0
BRDA:39,28,0,0
BRDA:39,29,0,0
BRDA:39,30,0,4
BRDA:39,31,0,4
BRDA:39,32,0,3
BRDA:39,33,0,0
BRDA:39,34,0,0
BRDA:39,35,0,1
BRDA:39,36,0,0
BRDA:39,37,0,0
BRDA:39,38,0,0
BRDA:39,39,0,0
BRDA:39,40,0,0
BRDA:39,41,0,4
BRDA:39,42,0,0
BRDA:39,43,0,4
BRDA:39,44,0,1
BRDA:39,45,0,0
BRDA:39,46,0,1
BRDA:39,47,0,0
BRDA:13,48,0,1
BRDA:14,49,0,1
BRDA:22,50,0,1
BRDA:39,51,0,1
BRDA:39,52,0,4
BRDA:23,53,0,1
BRDA:39,54,0,1
BRDA:27,55,0,0
BRDA:39,56,0,1
BRDA:39,57,0,1
BRDA:35,58,0,1
BRF:59
BRH:36
end_of_record
TN:
SF:src\modules\users\services\AuthenticateUserService.ts
FN:61,__decorate
FN:61,__metadata
FN:61,__param
FN:61,__awaiter
FN:61,adopt
FN:61,fulfilled
FN:61,rejected
FN:61,step
FN:61,__generator
FN:61,sent
FN:61,g.<computed>
FN:61,verb
FN:61,step
FN:61,__importDefault
FN:23,AuthenticateUserService
FN:31,AuthenticateUserService.execute
FNF:16
FNH:14
FNDA:1,__decorate
FNDA:1,__metadata
FNDA:2,__param
FNDA:3,__awaiter
FNDA:5,adopt
FNDA:5,fulfilled
FNDA:0,rejected
FNDA:6,step
FNDA:3,__generator
FNDA:5,sent
FNDA:0,g.<computed>
FNDA:9,verb
FNDA:8,step
FNDA:2,__importDefault
FNDA:3,AuthenticateUserService
FNDA:3,AuthenticateUserService.execute
DA:1,1
DA:2,1
DA:3,1
DA:4,1
DA:5,1
DA:6,1
DA:7,1
DA:8,1
DA:9,1
DA:10,1
DA:11,1
DA:12,1
DA:13,1
DA:14,1
DA:15,1
DA:16,1
DA:17,1
DA:18,1
DA:19,1
DA:20,1
DA:21,1
DA:22,1
DA:23,1
DA:24,3
DA:25,3
DA:26,3
DA:27,3
DA:28,3
DA:29,3
DA:30,1
DA:31,1
DA:32,3
DA:33,3
DA:34,3
DA:35,1
DA:36,1
DA:37,2
DA:38,2
DA:39,2
DA:40,2
DA:41,2
DA:42,3
DA:43,3
DA:44,1
DA:45,1
DA:46,1
DA:47,1
DA:48,1
DA:49,1
DA:50,1
DA:51,1
DA:52,1
DA:53,1
DA:54,1
DA:55,1
DA:56,1
DA:57,1
DA:58,3
DA:59,1
DA:60,1
DA:61,1
LF:61
LH:61
BRDA:61,0,0,1
BRDA:61,1,0,1
BRDA:61,2,0,0
BRDA:61,3,0,0
BRDA:61,4,0,0
BRDA:61,5,0,0
BRDA:61,6,0,1
BRDA:61,7,0,2
BRDA:61,8,0,2
BRDA:61,9,0,3
BRDA:61,10,0,5
BRDA:61,11,0,0
BRDA:61,12,0,3
BRDA:61,13,0,5
BRDA:61,14,0,3
BRDA:61,15,0,2
BRDA:61,16,0,6
BRDA:61,17,0,1
BRDA:61,18,0,5
BRDA:61,19,0,3
BRDA:61,20,0,5
BRDA:61,21,0,0
BRDA:61,22,0,9
BRDA:61,23,0,8
BRDA:61,24,0,8
BRDA:61,25,0,0
BRDA:61,26,0,16
BRDA:61,27,0,0
BRDA:61,28,0,0
BRDA:61,29,0,0
BRDA:61,30,0,0
BRDA:61,31,0,8
BRDA:61,32,0,8
BRDA:61,33,0,5
BRDA:61,34,0,0
BRDA:61,35,0,0
BRDA:61,36,0,3
BRDA:61,37,0,0
BRDA:61,38,0,1
BRDA:61,39,0,0
BRDA:61,40,0,0
BRDA:61,41,0,0
BRDA:61,42,0,0
BRDA:61,43,0,8
BRDA:61,44,0,6
BRDA:61,45,0,2
BRDA:61,46,0,8
BRDA:61,47,0,3
BRDA:61,48,0,2
BRDA:61,49,0,1
BRDA:61,50,0,0
BRDA:61,51,0,2
BRDA:61,52,0,0
BRDA:22,53,0,1
BRDA:23,54,0,3
BRDA:31,55,0,3
BRDA:61,56,0,3
BRDA:61,57,0,8
BRDA:32,58,0,3
BRDA:61,59,0,3
BRDA:34,60,0,1
BRDA:36,61,0,2
BRDA:61,62,0,2
BRDA:43,63,0,1
BRF:64
BRH:44
end_of_record
TN:
SF:src\modules\users\services\CreateUserService.ts
FN:50,__decorate
FN:50,__metadata
FN:50,__param
FN:50,__awaiter
FN:50,adopt
FN:50,fulfilled
FN:50,rejected
FN:50,step
FN:50,__generator
FN:50,sent
FN:50,g.<computed>
FN:50,verb
FN:50,step
FN:50,__importDefault
FN:18,CreateUserService
FN:29,CreateUserService.execute
FNF:16
FNH:14
FNDA:1,__decorate
FNDA:1,__metadata
FNDA:3,__param
FNDA:3,__awaiter
FNDA:9,adopt
FNDA:9,fulfilled
FNDA:0,rejected
FNDA:11,step
FNDA:3,__generator
FNDA:9,sent
FNDA:0,g.<computed>
FNDA:9,verb
FNDA:12,step
FNDA:1,__importDefault
FNDA:2,CreateUserService
FNDA:3,CreateUserService.execute
DA:1,1
DA:2,1
DA:3,1
DA:4,1
DA:5,1
DA:6,1
DA:7,1
DA:8,1
DA:9,1
DA:10,1
DA:11,1
DA:12,1
DA:13,1
DA:14,1
DA:15,1
DA:16,1
DA:17,1
DA:18,1
DA:19,2
DA:20,2
DA:21,2
DA:22,2
DA:23,2
DA:24,2
DA:25,2
DA:26,2
DA:27,2
DA:28,1
DA:29,1
DA:30,3
DA:31,3
DA:32,3
DA:33,1
DA:34,1
DA:35,2
DA:36,2
DA:37,3
DA:38,3
DA:39,3
DA:40,3
DA:41,3
DA:42,3
DA:43,3
DA:44,3
DA:45,3
DA:46,3
DA:47,3
DA:48,1
DA:49,1
DA:50,1
LF:50
LH:50
BRDA:50,0,0,1
BRDA:50,1,0,1
BRDA:50,2,0,0
BRDA:50,3,0,0
BRDA:50,4,0,0
BRDA:50,5,0,0
BRDA:50,6,0,1
BRDA:50,7,0,3
BRDA:50,8,0,3
BRDA:50,9,0,3
BRDA:50,10,0,9
BRDA:50,11,0,0
BRDA:50,12,0,3
BRDA:50,13,0,9
BRDA:50,14,0,8
BRDA:50,15,0,1
BRDA:50,16,0,11
BRDA:50,17,0,2
BRDA:50,18,0,9
BRDA:50,19,0,3
BRDA:50,20,0,9
BRDA:50,21,0,0
BRDA:50,22,0,9
BRDA:50,23,0,12
BRDA:50,24,0,12
BRDA:50,25,0,0
BRDA:50,26,0,24
BRDA:50,27,0,0
BRDA:50,28,0,0
BRDA:50,29,0,0
BRDA:50,30,0,0
BRDA:50,31,0,12
BRDA:50,32,0,12
BRDA:50,33,0,9
BRDA:50,34,0,0
BRDA:50,35,0,0
BRDA:50,36,0,3
BRDA:50,37,0,0
BRDA:50,38,0,2
BRDA:50,39,0,0
BRDA:50,40,0,0
BRDA:50,41,0,0
BRDA:50,42,0,0
BRDA:50,43,0,12
BRDA:50,44,0,11
BRDA:50,45,0,1
BRDA:50,46,0,12
BRDA:50,47,0,3
BRDA:50,48,0,1
BRDA:50,49,0,2
BRDA:50,50,0,0
BRDA:50,51,0,1
BRDA:50,52,0,0
BRDA:17,53,0,1
BRDA:18,54,0,2
BRDA:29,55,0,3
BRDA:50,56,0,3
BRDA:50,57,0,12
BRDA:30,58,0,3
BRDA:50,59,0,3
BRDA:32,60,0,1
BRDA:34,61,0,2
BRDA:50,62,0,2
BRDA:50,63,0,2
BRDA:50,64,0,2
BRF:65
BRH:45
end_of_record
TN:
SF:src\modules\users\services\ResetPasswordService.ts
FN:54,__decorate
FN:54,__metadata
FN:54,__param
FN:54,__awaiter
FN:54,adopt
FN:54,fulfilled
FN:54,rejected
FN:54,step
FN:54,__generator
FN:54,sent
FN:54,g.<computed>
FN:54,verb
FN:54,step
FN:54,__importDefault
FN:17,ResetPasswordService
FN:28,ResetPasswordService.execute
FNF:16
FNH:14
FNDA:1,__decorate
FNDA:1,__metadata
FNDA:3,__param
FNDA:4,__awaiter
FNDA:9,adopt
FNDA:9,fulfilled
FNDA:0,rejected
FNDA:10,step
FNDA:4,__generator
FNDA:9,sent
FNDA:0,g.<computed>
FNDA:12,verb
FNDA:13,step
FNDA:1,__importDefault
FNDA:4,ResetPasswordService
FNDA:4,ResetPasswordService.execute
DA:1,1
DA:2,1
DA:3,1
DA:4,1
DA:5,1
DA:6,1
DA:7,1
DA:8,1
DA:9,1
DA:10,1
DA:11,1
DA:12,1
DA:13,1
DA:14,1
DA:15,1
DA:16,1
DA:17,1
DA:18,4
DA:19,4
DA:20,4
DA:21,4
DA:22,4
DA:23,4
DA:24,4
DA:25,4
DA:26,4
DA:27,1
DA:28,1
DA:29,4
DA:30,4
DA:31,4
DA:32,1
DA:33,1
DA:34,3
DA:35,3
DA:36,4
DA:37,4
DA:38,1
DA:39,1
DA:40,2
DA:41,2
DA:42,2
DA:43,2
DA:44,4
DA:45,1
DA:46,1
DA:47,1
DA:48,1
DA:49,4
DA:50,4
DA:51,4
DA:52,1
DA:53,1
DA:54,1
LF:54
LH:54
BRDA:54,0,0,1
BRDA:54,1,0,1
BRDA:54,2,0,0
BRDA:54,3,0,0
BRDA:54,4,0,0
BRDA:54,5,0,0
BRDA:54,6,0,1
BRDA:54,7,0,3
BRDA:54,8,0,3
BRDA:54,9,0,4
BRDA:54,10,0,9
BRDA:54,11,0,0
BRDA:54,12,0,4
BRDA:54,13,0,9
BRDA:54,14,0,6
BRDA:54,15,0,3
BRDA:54,16,0,10
BRDA:54,17,0,1
BRDA:54,18,0,9
BRDA:54,19,0,4
BRDA:54,20,0,9
BRDA:54,21,0,0
BRDA:54,22,0,12
BRDA:54,23,0,13
BRDA:54,24,0,13
BRDA:54,25,0,0
BRDA:54,26,0,26
BRDA:54,27,0,0
BRDA:54,28,0,0
BRDA:54,29,0,0
BRDA:54,30,0,0
BRDA:54,31,0,13
BRDA:54,32,0,13
BRDA:54,33,0,9
BRDA:54,34,0,0
BRDA:54,35,0,0
BRDA:54,36,0,4
BRDA:54,37,0,0
BRDA:54,38,0,1
BRDA:54,39,0,0
BRDA:54,40,0,0
BRDA:54,41,0,0
BRDA:54,42,0,0
BRDA:54,43,0,13
BRDA:54,44,0,10
BRDA:54,45,0,3
BRDA:54,46,0,13
BRDA:54,47,0,4
BRDA:54,48,0,3
BRDA:54,49,0,1
BRDA:54,50,0,0
BRDA:54,51,0,1
BRDA:54,52,0,0
BRDA:16,53,0,1
BRDA:17,54,0,4
BRDA:28,55,0,4
BRDA:54,56,0,4
BRDA:54,57,0,13
BRDA:29,58,0,4
BRDA:54,59,0,4
BRDA:31,60,0,1
BRDA:33,61,0,3
BRDA:54,62,0,3
BRDA:37,63,0,1
BRDA:39,64,0,2
BRDA:44,65,0,1
BRDA:54,66,0,1
BRDA:54,67,0,1
BRF:68
BRH:48
end_of_record
TN:
SF:src\modules\users\services\SendForgotPasswordEmailService.ts
FN:61,__decorate
FN:61,__metadata
FN:61,__param
FN:61,__awaiter
FN:61,adopt
FN:61,fulfilled
FN:61,rejected
FN:61,step
FN:61,__generator
FN:61,sent
FN:61,g.<computed>
FN:61,verb
FN:61,step
FN:61,__importDefault
FN:17,SendeForgotPasswordEmailService
FN:28,SendeForgotPasswordEmailService.execute
FNF:16
FNH:14
FNDA:1,__decorate
FNDA:1,__metadata
FNDA:3,__param
FNDA:3,__awaiter
FNDA:7,adopt
FNDA:7,fulfilled
FNDA:0,rejected
FNDA:9,step
FNDA:3,__generator
FNDA:7,sent
FNDA:0,g.<computed>
FNDA:9,verb
FNDA:10,step
FNDA:2,__importDefault
FNDA:3,SendeForgotPasswordEmailService
FNDA:3,SendeForgotPasswordEmailService.execute
DA:1,1
DA:2,1
DA:3,1
DA:4,1
DA:5,1
DA:6,1
DA:7,1
DA:8,1
DA:9,1
DA:10,1
DA:11,1
DA:12,1
DA:13,1
DA:14,1
DA:15,1
DA:16,1
DA:17,1
DA:18,3
DA:19,3
DA:20,3
DA:21,3
DA:22,3
DA:23,3
DA:24,3
DA:25,3
DA:26,3
DA:27,1
DA:28,1
DA:29,3
DA:30,3
DA:31,3
DA:32,1
DA:33,1
DA:34,2
DA:35,2
DA:36,3
DA:37,3
DA:38,3
DA:39,3
DA:40,3
DA:41,3
DA:42,3
DA:43,3
DA:44,3
DA:45,3
DA:46,3
DA:47,3
DA:48,3
DA:49,3
DA:50,3
DA:51,3
DA:52,3
DA:53,3
DA:54,3
DA:55,3
DA:56,3
DA:57,3
DA:58,3
DA:59,1
DA:60,1
DA:61,1
LF:61
LH:61
BRDA:61,0,0,1
BRDA:61,1,0,1
BRDA:61,2,0,0
BRDA:61,3,0,0
BRDA:61,4,0,0
BRDA:61,5,0,0
BRDA:61,6,0,1
BRDA:61,7,0,3
BRDA:61,8,0,3
BRDA:61,9,0,3
BRDA:61,10,0,7
BRDA:61,11,0,0
BRDA:61,12,0,3
BRDA:61,13,0,7
BRDA:61,14,0,6
BRDA:61,15,0,1
BRDA:61,16,0,9
BRDA:61,17,0,2
BRDA:61,18,0,7
BRDA:61,19,0,3
BRDA:61,20,0,7
BRDA:61,21,0,0
BRDA:61,22,0,9
BRDA:61,23,0,10
BRDA:61,24,0,10
BRDA:61,25,0,0
BRDA:61,26,0,20
BRDA:61,27,0,0
BRDA:61,28,0,0
BRDA:61,29,0,0
BRDA:61,30,0,0
BRDA:61,31,0,10
BRDA:61,32,0,10
BRDA:61,33,0,7
BRDA:61,34,0,0
BRDA:61,35,0,0
BRDA:61,36,0,3
BRDA:61,37,0,0
BRDA:61,38,0,2
BRDA:61,39,0,0
BRDA:61,40,0,0
BRDA:61,41,0,0
BRDA:61,42,0,0
BRDA:61,43,0,10
BRDA:61,44,0,9
BRDA:61,45,0,1
BRDA:61,46,0,10
BRDA:61,47,0,3
BRDA:61,48,0,1
BRDA:61,49,0,2
BRDA:61,50,0,0
BRDA:61,51,0,2
BRDA:61,52,0,1
BRDA:61,53,0,1
BRDA:16,54,0,1
BRDA:17,55,0,3
BRDA:28,56,0,3
BRDA:61,57,0,3
BRDA:61,58,0,10
BRDA:29,59,0,3
BRDA:61,60,0,3
BRDA:31,61,0,1
BRDA:33,62,0,2
BRDA:61,63,0,2
BRDA:61,64,0,2
BRF:65
BRH:46
end_of_record
TN:
SF:src\modules\users\services\ShowProfileService.ts
FN:31,__decorate
FN:31,__metadata
FN:31,__param
FN:31,__awaiter
FN:31,adopt
FN:31,fulfilled
FN:31,rejected
FN:31,step
FN:31,__generator
FN:31,sent
FN:31,g.<computed>
FN:31,verb
FN:31,step
FN:31,__importDefault
FN:15,ShowProfileService
FN:20,ShowProfileService.execute
FNF:16
FNH:14
FNDA:1,__decorate
FNDA:1,__metadata
FNDA:1,__param
FNDA:2,__awaiter
FNDA:2,adopt
FNDA:2,fulfilled
FNDA:0,rejected
FNDA:3,step
FNDA:2,__generator
FNDA:2,sent
FNDA:0,g.<computed>
FNDA:6,verb
FNDA:4,step
FNDA:1,__importDefault
FNDA:2,ShowProfileService
FNDA:2,ShowProfileService.execute
DA:1,1
DA:2,1
DA:3,1
DA:4,1
DA:5,1
DA:6,1
DA:7,1
DA:8,1
DA:9,1
DA:10,1
DA:11,1
DA:12,1
DA:13,1
DA:14,1
DA:15,1
DA:16,2
DA:17,2
DA:18,2
DA:19,1
DA:20,1
DA:21,2
DA:22,2
DA:23,2
DA:24,1
DA:25,1
DA:26,1
DA:27,1
DA:28,2
DA:29,1
DA:30,1
DA:31,1
LF:31
LH:31
BRDA:31,0,0,1
BRDA:31,1,0,1
BRDA:31,2,0,0
BRDA:31,3,0,0
BRDA:31,4,0,0
BRDA:31,5,0,0
BRDA:31,6,0,1
BRDA:31,7,0,1
BRDA:31,8,0,1
BRDA:31,9,0,2
BRDA:31,10,0,2
BRDA:31,11,0,0
BRDA:31,12,0,2
BRDA:31,13,0,2
BRDA:31,14,0,1
BRDA:31,15,0,3
BRDA:31,16,0,1
BRDA:31,17,0,2
BRDA:31,18,0,2
BRDA:31,19,0,2
BRDA:31,20,0,0
BRDA:31,21,0,6
BRDA:31,22,0,4
BRDA:31,23,0,4
BRDA:31,24,0,0
BRDA:31,25,0,8
BRDA:31,26,0,0
BRDA:31,27,0,0
BRDA:31,28,0,0
BRDA:31,29,0,0
BRDA:31,30,0,4
BRDA:31,31,0,4
BRDA:31,32,0,2
BRDA:31,33,0,0
BRDA:31,34,0,0
BRDA:31,35,0,2
BRDA:31,36,0,0
BRDA:31,37,0,1
BRDA:31,38,0,0
BRDA:31,39,0,0
BRDA:31,40,0,0
BRDA:31,41,0,0
BRDA:31,42,0,4
BRDA:31,43,0,3
BRDA:31,44,0,1
BRDA:31,45,0,4
BRDA:31,46,0,2
BRDA:31,47,0,1
BRDA:31,48,0,0
BRDA:31,49,0,1
BRDA:31,50,0,0
BRDA:14,51,0,1
BRDA:15,52,0,2
BRDA:20,53,0,2
BRDA:31,54,0,2
BRDA:31,55,0,4
BRDA:21,56,0,2
BRDA:31,57,0,2
BRDA:23,58,0,1
BRF:59
BRH:39
end_of_record
TN:
SF:src\modules\users\services\UpdateProfileService.ts
FN:73,__decorate
FN:73,__metadata
FN:73,__param
FN:73,__awaiter
FN:73,adopt
FN:73,fulfilled
FN:73,rejected
FN:73,step
FN:73,__generator
FN:73,sent
FN:73,g.<computed>
FN:73,verb
FN:73,step
FN:73,__importDefault
FN:20,UpdateProfileService
FN:28,UpdateProfileService.execute
FNF:16
FNH:14
FNDA:1,__decorate
FNDA:1,__metadata
FNDA:2,__param
FNDA:6,__awaiter
FNDA:14,adopt
FNDA:14,fulfilled
FNDA:0,rejected
FNDA:16,step
FNDA:6,__generator
FNDA:14,sent
FNDA:0,g.<computed>
FNDA:18,verb
FNDA:20,step
FNDA:1,__importDefault
FNDA:6,UpdateProfileService
FNDA:6,UpdateProfileService.execute
DA:1,1
DA:2,1
DA:3,1
DA:4,1
DA:5,1
DA:6,1
DA:7,1
DA:8,1
DA:9,1
DA:10,1
DA:11,1
DA:12,1
DA:13,1
DA:14,1
DA:15,1
DA:16,1
DA:17,1
DA:18,1
DA:19,1
DA:20,1
DA:21,6
DA:22,6
DA:23,6
DA:24,6
DA:25,6
DA:26,6
DA:27,1
DA:28,1
DA:29,6
DA:30,6
DA:31,6
DA:32,6
DA:33,6
DA:34,6
DA:35,6
DA:36,6
DA:37,6
DA:38,1
DA:39,1
DA:40,5
DA:41,5
DA:42,6
DA:43,6
DA:44,1
DA:45,1
DA:46,4
DA:47,4
DA:48,4
DA:49,4
DA:50,6
DA:51,1
DA:52,1
DA:53,1
DA:54,1
DA:55,3
DA:56,6
DA:57,2
DA:58,2
DA:59,2
DA:60,2
DA:61,6
DA:62,6
DA:63,1
DA:64,1
DA:65,1
DA:66,1
DA:67,6
DA:68,6
DA:69,6
DA:70,6
DA:71,1
DA:72,1
DA:73,1
LF:73
LH:73
BRDA:73,0,0,1
BRDA:73,1,0,1
BRDA:73,2,0,0
BRDA:73,3,0,0
BRDA:73,4,0,0
BRDA:73,5,0,0
BRDA:73,6,0,1
BRDA:73,7,0,2
BRDA:73,8,0,2
BRDA:73,9,0,6
BRDA:73,10,0,14
BRDA:73,11,0,0
BRDA:73,12,0,6
BRDA:73,13,0,14
BRDA:73,14,0,10
BRDA:73,15,0,4
BRDA:73,16,0,16
BRDA:73,17,0,2
BRDA:73,18,0,14
BRDA:73,19,0,6
BRDA:73,20,0,14
BRDA:73,21,0,0
BRDA:73,22,0,18
BRDA:73,23,0,20
BRDA:73,24,0,20
BRDA:73,25,0,0
BRDA:73,26,0,41
BRDA:73,27,0,0
BRDA:73,28,0,0
BRDA:73,29,0,0
BRDA:73,30,0,0
BRDA:73,31,0,20
BRDA:73,32,0,20
BRDA:73,33,0,14
BRDA:73,34,0,0
BRDA:73,35,0,0
BRDA:73,36,0,7
BRDA:73,37,0,0
BRDA:73,38,0,3
BRDA:73,39,0,6
BRDA:73,40,0,1
BRDA:73,41,0,0
BRDA:73,42,0,1
BRDA:73,43,0,0
BRDA:73,44,0,0
BRDA:73,45,0,0
BRDA:73,46,0,21
BRDA:73,47,0,17
BRDA:73,48,0,4
BRDA:73,49,0,21
BRDA:73,50,0,6
BRDA:73,51,0,4
BRDA:73,52,0,2
BRDA:73,53,0,0
BRDA:73,54,0,1
BRDA:73,55,0,0
BRDA:19,56,0,1
BRDA:20,57,0,6
BRDA:28,58,0,6
BRDA:73,59,0,6
BRDA:73,60,0,21
BRDA:35,61,0,6
BRDA:73,62,0,6
BRDA:37,63,0,1
BRDA:39,64,0,5
BRDA:73,65,0,5
BRDA:43,66,0,1
BRDA:43,67,0,1
BRDA:45,68,0,4
BRDA:50,69,0,3
BRDA:50,70,0,1
BRDA:54,71,0,3
BRDA:56,72,0,2
BRDA:56,73,0,1
BRDA:56,74,0,2
BRDA:73,75,0,2
BRDA:62,76,0,1
BRDA:73,77,0,1
BRDA:69,78,0,2
BRF:79
BRH:59
end_of_record
TN:
SF:src\modules\users\services\UpdateUserAvatarService.ts
FN:46,__decorate
FN:46,__metadata
FN:46,__param
FN:46,__awaiter
FN:46,adopt
FN:46,fulfilled
FN:46,rejected
FN:46,step
FN:46,__generator
FN:46,sent
FN:46,g.<computed>
FN:46,verb
FN:46,step
FN:46,__importDefault
FN:17,UpdateUserAvatarService
FN:25,UpdateUserAvatarService.execute
FNF:16
FNH:14
FNDA:1,__decorate
FNDA:1,__metadata
FNDA:2,__param
FNDA:4,__awaiter
FNDA:11,adopt
FNDA:11,fulfilled
FNDA:0,rejected
FNDA:14,step
FNDA:4,__generator
FNDA:11,sent
FNDA:0,g.<computed>
FNDA:12,verb
FNDA:15,step
FNDA:1,__importDefault
FNDA:3,UpdateUserAvatarService
FNDA:4,UpdateUserAvatarService.execute
DA:1,1
DA:2,1
DA:3,1
DA:4,1
DA:5,1
DA:6,1
DA:7,1
DA:8,1
DA:9,1
DA:10,1
DA:11,1
DA:12,1
DA:13,1
DA:14,1
DA:15,1
DA:16,1
DA:17,1
DA:18,3
DA:19,3
DA:20,3
DA:21,3
DA:22,3
DA:23,3
DA:24,1
DA:25,1
DA:26,4
DA:27,4
DA:28,4
DA:29,1
DA:30,1
DA:31,3
DA:32,3
DA:33,1
DA:34,4
DA:35,4
DA:36,4
DA:37,4
DA:38,4
DA:39,4
DA:40,4
DA:41,4
DA:42,4
DA:43,4
DA:44,1
DA:45,1
DA:46,1
LF:46
LH:46
BRDA:46,0,0,1
BRDA:46,1,0,1
BRDA:46,2,0,0
BRDA:46,3,0,0
BRDA:46,4,0,0
BRDA:46,5,0,0
BRDA:46,6,0,1
BRDA:46,7,0,2
BRDA:46,8,0,2
BRDA:46,9,0,4
BRDA:46,10,0,11
BRDA:46,11,0,0
BRDA:46,12,0,4
BRDA:46,13,0,11
BRDA:46,14,0,10
BRDA:46,15,0,1
BRDA:46,16,0,14
BRDA:46,17,0,3
BRDA:46,18,0,11
BRDA:46,19,0,4
BRDA:46,20,0,11
BRDA:46,21,0,0
BRDA:46,22,0,12
BRDA:46,23,0,15
BRDA:46,24,0,15
BRDA:46,25,0,0
BRDA:46,26,0,32
BRDA:46,27,0,0
BRDA:46,28,0,0
BRDA:46,29,0,0
BRDA:46,30,0,0
BRDA:46,31,0,15
BRDA:46,32,0,15
BRDA:46,33,0,11
BRDA:46,34,0,0
BRDA:46,35,0,0
BRDA:46,36,0,6
BRDA:46,37,0,0
BRDA:46,38,0,5
BRDA:46,39,0,4
BRDA:46,40,0,2
BRDA:46,41,0,0
BRDA:46,42,0,2
BRDA:46,43,0,0
BRDA:46,44,0,0
BRDA:46,45,0,0
BRDA:46,46,0,17
BRDA:46,47,0,16
BRDA:46,48,0,1
BRDA:46,49,0,17
BRDA:46,50,0,4
BRDA:46,51,0,1
BRDA:46,52,0,3
BRDA:46,53,0,0
BRDA:46,54,0,1
BRDA:46,55,0,0
BRDA:16,56,0,1
BRDA:17,57,0,3
BRDA:25,58,0,4
BRDA:46,59,0,4
BRDA:46,60,0,17
BRDA:26,61,0,4
BRDA:46,62,0,4
BRDA:28,63,0,1
BRDA:30,64,0,3
BRDA:32,65,0,2
BRDA:32,66,0,1
BRDA:46,67,0,1
BRDA:36,68,0,3
BRDA:46,69,0,3
BRDA:46,70,0,3
BRF:71
BRH:51
end_of_record
